2025-03-26 07:36:00 | WARN | repo=auction | action=edit | files=2
2025-03-20 18:58:00 | DEBUG | repo=auction | action=edit | files=5
2025-10-13 08:59:00 | WARN | repo=auction | action=commit
2025-07-09 15:07:00 | DEBUG | repo=auction | action=edit | files=2
2025-01-10 17:13:00 | WARN | repo=auction | action=commit
2025-08-23 07:11:00 | INFO | repo=auction | action=commit
2025-08-11 12:36:00 | WARN | repo=auction | action=commit
2025-04-18 12:45:00 | WARN | repo=auction | action=test | passed=true
2025-09-21 14:40:00 | INFO | repo=auction | action=pull
2025-07-01 07:44:00 | DEBUG | repo=auction | action=commit
2025-08-12 21:05:00 | WARN | repo=auction | action=commit
2025-11-03 08:44:00 | INFO | repo=auction | action=edit | files=2
2025-02-05 09:38:00 | DEBUG | repo=auction | action=pull
2025-01-03 07:29:00 | INFO | repo=auction | action=commit
2025-04-02 08:37:00 | DEBUG | repo=auction | action=commit
2025-12-12 18:21:00 | INFO | repo=auction | action=test | passed=true
2025-09-17 13:19:00 | DEBUG | repo=auction | action=edit | files=3
2025-06-23 13:17:00 | DEBUG | repo=auction | action=commit
2025-10-23 09:55:00 | DEBUG | repo=auction | action=commit
2025-07-02 15:57:00 | INFO | repo=auction | action=commit
2025-12-01 18:15:00 | DEBUG | repo=auction | action=commit
